c:\users\pekev\onedrive\documentos\github\i_g\myapp\debug\vc141.pdb
c:\users\pekev\onedrive\documentos\github\i_g\myapp\debug\vc141.idb
c:\users\pekev\onedrive\documentos\github\i_g\myapp\debug\entities.obj
c:\users\pekev\onedrive\documentos\github\i_g\myapp\debug\main.obj
c:\users\pekev\onedrive\documentos\github\i_g\myapp\debug\mesh.obj
c:\users\pekev\onedrive\documentos\github\i_g\myapp\debug\pixmap32rgba.obj
c:\users\pekev\onedrive\documentos\github\i_g\myapp\debug\scene.obj
c:\users\pekev\onedrive\documentos\github\i_g\myapp\debug\camera.obj
c:\users\pekev\onedrive\documentos\github\i_g\myapp\debug\texture.obj
c:\users\pekev\onedrive\documentos\github\i_g\myapp\debug\material.obj
c:\users\pekev\onedrive\documentos\github\i_g\myapp\debug\spotlight.obj
c:\users\pekev\onedrive\documentos\github\i_g\myapp\debug\light.obj
c:\users\pekev\onedrive\documentos\github\i_g\bin\myappdebug.exe
c:\users\pekev\onedrive\documentos\github\i_g\bin\myappdebug.ilk
c:\users\pekev\onedrive\documentos\github\i_g\bin\myappdebug.pdb
c:\users\pekev\onedrive\documentos\github\i_g\myapp\debug\material.obj.enc
c:\users\pekev\onedrive\documentos\github\i_g\myapp\debug\mesh.obj.enc
c:\users\pekev\onedrive\documentos\github\i_g\myapp\debug\spotlight.obj.enc
c:\users\pekev\onedrive\documentos\github\i_g\myapp\debug\myapp.tlog\cl.command.1.tlog
c:\users\pekev\onedrive\documentos\github\i_g\myapp\debug\myapp.tlog\cl.read.1.tlog
c:\users\pekev\onedrive\documentos\github\i_g\myapp\debug\myapp.tlog\cl.write.1.tlog
c:\users\pekev\onedrive\documentos\github\i_g\myapp\debug\myapp.tlog\link.command.1.tlog
c:\users\pekev\onedrive\documentos\github\i_g\myapp\debug\myapp.tlog\link.read.1.tlog
c:\users\pekev\onedrive\documentos\github\i_g\myapp\debug\myapp.tlog\link.write.1.tlog
